0 info it worked if it ends with ok
1 verbose cli [ '/usr/bin/nodejs', '/usr/bin/npm', 'install', '-g', 'cordova' ]
2 info using npm@2.14.12
3 info using node@v4.2.4
4 verbose install initial load of /usr/lib/package.json
5 verbose readDependencies loading dependencies from /usr/lib/package.json
6 silly cache add args [ 'cordova', null ]
7 verbose cache add spec cordova
8 silly cache add parsed spec Result {
8 silly cache add   raw: 'cordova',
8 silly cache add   scope: null,
8 silly cache add   name: 'cordova',
8 silly cache add   rawSpec: '',
8 silly cache add   spec: 'latest',
8 silly cache add   type: 'tag' }
9 silly addNamed cordova@latest
10 verbose addNamed "latest" is being treated as a dist-tag for cordova
11 info addNameTag [ 'cordova', 'latest' ]
12 silly mapToRegistry name cordova
13 silly mapToRegistry using default registry
14 silly mapToRegistry registry https://registry.npmjs.org/
15 silly mapToRegistry uri https://registry.npmjs.org/cordova
16 verbose addNameTag registry:https://registry.npmjs.org/cordova not in flight; fetching
17 verbose request uri https://registry.npmjs.org/cordova
18 verbose request no auth needed
19 info attempt registry request try #1 at 11:32:51 PM
20 verbose request id 7f7343655a2b0ca6
21 verbose etag "7U7XH2DHRQYJ12DKN4DIVMTWA"
22 http request GET https://registry.npmjs.org/cordova
23 http 304 https://registry.npmjs.org/cordova
24 verbose headers { date: 'Mon, 04 Jan 2016 01:32:52 GMT',
24 verbose headers   via: '1.1 varnish',
24 verbose headers   'cache-control': 'max-age=300',
24 verbose headers   etag: '"7U7XH2DHRQYJ12DKN4DIVMTWA"',
24 verbose headers   age: '66',
24 verbose headers   connection: 'keep-alive',
24 verbose headers   'x-served-by': 'cache-iad2133-IAD',
24 verbose headers   'x-cache': 'HIT',
24 verbose headers   'x-cache-hits': '1',
24 verbose headers   'x-timer': 'S1451871172.668716,VS0,VE0',
24 verbose headers   vary: 'Accept' }
25 silly get cb [ 304,
25 silly get   { date: 'Mon, 04 Jan 2016 01:32:52 GMT',
25 silly get     via: '1.1 varnish',
25 silly get     'cache-control': 'max-age=300',
25 silly get     etag: '"7U7XH2DHRQYJ12DKN4DIVMTWA"',
25 silly get     age: '66',
25 silly get     connection: 'keep-alive',
25 silly get     'x-served-by': 'cache-iad2133-IAD',
25 silly get     'x-cache': 'HIT',
25 silly get     'x-cache-hits': '1',
25 silly get     'x-timer': 'S1451871172.668716,VS0,VE0',
25 silly get     vary: 'Accept' } ]
26 verbose etag https://registry.npmjs.org/cordova from cache
27 verbose get saving cordova to /home/amilson/.npm/registry.npmjs.org/cordova/.cache.json
28 silly addNameTag next cb for cordova with tag latest
29 silly addNamed cordova@5.4.1
30 verbose addNamed "5.4.1" is a plain semver version for cordova
31 silly cache afterAdd cordova@5.4.1
32 verbose afterAdd /home/amilson/.npm/cordova/5.4.1/package/package.json not in flight; writing
33 verbose afterAdd /home/amilson/.npm/cordova/5.4.1/package/package.json written
34 silly install resolved [ { name: 'cordova',
34 silly install resolved     version: '5.4.1',
34 silly install resolved     preferGlobal: 'true',
34 silly install resolved     description: 'Cordova command line interface tool',
34 silly install resolved     main: 'cordova',
34 silly install resolved     engines: { node: '>=0.9.9' },
34 silly install resolved     engineStrict: true,
34 silly install resolved     bin: { cordova: './bin/cordova' },
34 silly install resolved     scripts:
34 silly install resolved      { test: 'node node_modules/jasmine-node/bin/jasmine-node --captureExceptions --color spec',
34 silly install resolved        cover: 'node node_modules/istanbul/lib/cli.js cover --root src --print detail node_modules/jasmine-node/bin/jasmine-node -- spec' },
34 silly install resolved     repository:
34 silly install resolved      { type: 'git',
34 silly install resolved        url: 'https://git-wip-us.apache.org/repos/asf/cordova-cli.git' },
34 silly install resolved     bugs:
34 silly install resolved      { url: 'https://issues.apache.org/jira/browse/CB',
34 silly install resolved        email: 'dev@cordova.apache.org' },
34 silly install resolved     keywords: [ 'cordova', 'client', 'cli' ],
34 silly install resolved     dependencies:
34 silly install resolved      { ansi: '^0.3.0',
34 silly install resolved        'cordova-lib': '5.4.1',
34 silly install resolved        q: '1.0.1',
34 silly install resolved        nopt: '3.0.1',
34 silly install resolved        underscore: '1.7.0',
34 silly install resolved        'update-notifier': '^0.5.0' },
34 silly install resolved     devDependencies:
34 silly install resolved      { istanbul: '^0.3.4',
34 silly install resolved        grunt: '0.4.5',
34 silly install resolved        'grunt-retire': '0.3.7',
34 silly install resolved        'jasmine-node': '1.14.5' },
34 silly install resolved     author: { name: 'Anis Kadri' },
34 silly install resolved     contributors:
34 silly install resolved      [ [Object],
34 silly install resolved        [Object],
34 silly install resolved        [Object],
34 silly install resolved        [Object],
34 silly install resolved        [Object],
34 silly install resolved        [Object],
34 silly install resolved        [Object],
34 silly install resolved        [Object],
34 silly install resolved        [Object],
34 silly install resolved        [Object],
34 silly install resolved        [Object],
34 silly install resolved        [Object],
34 silly install resolved        [Object],
34 silly install resolved        [Object],
34 silly install resolved        [Object],
34 silly install resolved        [Object],
34 silly install resolved        [Object],
34 silly install resolved        [Object],
34 silly install resolved        [Object],
34 silly install resolved        [Object],
34 silly install resolved        [Object],
34 silly install resolved        [Object],
34 silly install resolved        [Object],
34 silly install resolved        [Object] ],
34 silly install resolved     license: 'Apache version 2.0',
34 silly install resolved     _id: 'cordova@5.4.1',
34 silly install resolved     _shasum: 'bc56bc1d3c5387a7926408212dfbce59002f9d76',
34 silly install resolved     _resolved: 'https://registry.npmjs.org/cordova/-/cordova-5.4.1.tgz',
34 silly install resolved     _from: 'cordova@latest',
34 silly install resolved     _npmVersion: '3.3.12',
34 silly install resolved     _nodeVersion: '5.0.0',
34 silly install resolved     _npmUser: { name: 'stevegill', email: 'stevengill97@gmail.com' },
34 silly install resolved     dist:
34 silly install resolved      { shasum: 'bc56bc1d3c5387a7926408212dfbce59002f9d76',
34 silly install resolved        tarball: 'http://registry.npmjs.org/cordova/-/cordova-5.4.1.tgz' },
34 silly install resolved     maintainers:
34 silly install resolved      [ [Object],
34 silly install resolved        [Object],
34 silly install resolved        [Object],
34 silly install resolved        [Object],
34 silly install resolved        [Object],
34 silly install resolved        [Object],
34 silly install resolved        [Object],
34 silly install resolved        [Object],
34 silly install resolved        [Object],
34 silly install resolved        [Object],
34 silly install resolved        [Object],
34 silly install resolved        [Object],
34 silly install resolved        [Object],
34 silly install resolved        [Object],
34 silly install resolved        [Object],
34 silly install resolved        [Object],
34 silly install resolved        [Object],
34 silly install resolved        [Object] ],
34 silly install resolved     directories: {},
34 silly install resolved     readme: 'ERROR: No README data found!' } ]
35 info install cordova@5.4.1 into /usr/lib
36 info installOne cordova@5.4.1
37 verbose installOne of cordova to /usr/lib not in flight; installing
38 verbose lock using /home/amilson/.npm/_locks/cordova-748ccae172373beb.lock for /usr/lib/node_modules/cordova
39 silly install write writing cordova 5.4.1 to /usr/lib/node_modules/cordova
40 verbose unbuild lib/node_modules/cordova
41 info preuninstall cordova@5.4.1
42 info uninstall cordova@5.4.1
43 verbose unbuild rmStuff cordova@5.4.1 from /usr/lib/node_modules
44 silly gentlyRm /usr/bin/cordova is being gently removed
45 silly gentlyRm verifying /usr is an npm working directory
46 silly gentlyRm containing path /usr is under npm's control, in /usr
47 silly gentlyRm deletion target /usr/bin/cordova is under /usr
48 verbose gentlyRm vacuuming from /usr/bin/cordova up to /usr
49 silly vacuum-fs removing /usr/bin/cordova
50 verbose unlock done using /home/amilson/.npm/_locks/cordova-748ccae172373beb.lock for /usr/lib/node_modules/cordova
51 verbose stack Error: EACCES: permission denied, unlink '/usr/bin/cordova'
51 verbose stack     at Error (native)
52 verbose cwd /home/amilson/Desktop/app
53 error Linux 4.2.0-22-generic
54 error argv "/usr/bin/nodejs" "/usr/bin/npm" "install" "-g" "cordova"
55 error node v4.2.4
56 error npm  v2.14.12
57 error path /usr/bin/cordova
58 error code EACCES
59 error errno -13
60 error syscall unlink
61 error Error: EACCES: permission denied, unlink '/usr/bin/cordova'
61 error     at Error (native)
61 error  { [Error: EACCES: permission denied, unlink '/usr/bin/cordova']
61 error   errno: -13,
61 error   code: 'EACCES',
61 error   syscall: 'unlink',
61 error   path: '/usr/bin/cordova' }
62 error Please try running this command again as root/Administrator.
63 verbose exit [ -13, true ]
64 verbose unbuild lib/node_modules/cordova
65 info preuninstall cordova@5.4.1
66 info uninstall cordova@5.4.1
67 verbose unbuild rmStuff cordova@5.4.1 from /usr/lib/node_modules
68 silly gentlyRm /usr/bin/cordova is being gently removed
69 silly gentlyRm verifying /usr is an npm working directory
70 silly gentlyRm containing path /usr is under npm's control, in /usr
71 silly gentlyRm deletion target /usr/bin/cordova is under /usr
72 verbose gentlyRm vacuuming from /usr/bin/cordova up to /usr
73 silly vacuum-fs removing /usr/bin/cordova
74 error error rolling back Error: EACCES: permission denied, unlink '/usr/bin/cordova'
74 error error rolling back     at Error (native)
74 error error rolling back  { [Error: EACCES: permission denied, unlink '/usr/bin/cordova']
74 error error rolling back   errno: -13,
74 error error rolling back   code: 'EACCES',
74 error error rolling back   syscall: 'unlink',
74 error error rolling back   path: '/usr/bin/cordova' }
